<?xml version="1.0" encoding="UTF-8"?>
<testng-results skipped="0" failed="0" ignored="0" total="2" passed="2">
  <reporter-output>
  </reporter-output>
  <suite name="OpenCartSuite" duration-ms="22543" started-at="2023-05-08T15:31:00 IST" finished-at="2023-05-08T15:31:22 IST">
    <groups>
      <group name="Master">
        <method signature="TC_001_AccountRegistrationTest.test_account_Registration()[pri:0, instance:testCases.TC_001_AccountRegistrationTest@281e3708]" name="test_account_Registration" class="testCases.TC_001_AccountRegistrationTest"/>
        <method signature="TC_002_LoginTest.test_login()[pri:0, instance:testCases.TC_002_LoginTest@543788f3]" name="test_login" class="testCases.TC_002_LoginTest"/>
      </group> <!-- Master -->
      <group name="Sanity">
        <method signature="TC_002_LoginTest.test_login()[pri:0, instance:testCases.TC_002_LoginTest@543788f3]" name="test_login" class="testCases.TC_002_LoginTest"/>
      </group> <!-- Sanity -->
      <group name="Regression">
        <method signature="TC_001_AccountRegistrationTest.test_account_Registration()[pri:0, instance:testCases.TC_001_AccountRegistrationTest@281e3708]" name="test_account_Registration" class="testCases.TC_001_AccountRegistrationTest"/>
      </group> <!-- Regression -->
    </groups>
    <test name="OpenCartTest" duration-ms="22543" started-at="2023-05-08T15:31:00 IST" finished-at="2023-05-08T15:31:22 IST">
      <class name="testCases.TC_001_AccountRegistrationTest">
        <test-method status="PASS" signature="setUp(java.lang.String)[pri:0, instance:testCases.TC_001_AccountRegistrationTest@281e3708]" name="setUp" is-config="true" duration-ms="6617" started-at="2023-05-08T15:31:00 IST" finished-at="2023-05-08T15:31:07 IST">
          <params>
            <param index="0">
              <value>
                <![CDATA[chrome]]>
              </value>
            </param>
          </params>
          <reporter-output>
          </reporter-output>
        </test-method> <!-- setUp -->
        <test-method status="PASS" signature="test_account_Registration()[pri:0, instance:testCases.TC_001_AccountRegistrationTest@281e3708]" name="test_account_Registration" duration-ms="7656" started-at="2023-05-08T15:31:07 IST" finished-at="2023-05-08T15:31:15 IST">
          <reporter-output>
          </reporter-output>
        </test-method> <!-- test_account_Registration -->
        <test-method status="PASS" signature="tearDown()[pri:0, instance:testCases.TC_001_AccountRegistrationTest@281e3708]" name="tearDown" is-config="true" duration-ms="865" started-at="2023-05-08T15:31:15 IST" finished-at="2023-05-08T15:31:16 IST">
          <reporter-output>
          </reporter-output>
        </test-method> <!-- tearDown -->
      </class> <!-- testCases.TC_001_AccountRegistrationTest -->
      <class name="testCases.TC_002_LoginTest">
        <test-method status="PASS" signature="setUp(java.lang.String)[pri:0, instance:testCases.TC_002_LoginTest@543788f3]" name="setUp" is-config="true" duration-ms="3434" started-at="2023-05-08T15:31:16 IST" finished-at="2023-05-08T15:31:19 IST">
          <params>
            <param index="0">
              <value>
                <![CDATA[chrome]]>
              </value>
            </param>
          </params>
          <reporter-output>
          </reporter-output>
        </test-method> <!-- setUp -->
        <test-method status="PASS" signature="test_login()[pri:0, instance:testCases.TC_002_LoginTest@543788f3]" name="test_login" duration-ms="2646" started-at="2023-05-08T15:31:19 IST" finished-at="2023-05-08T15:31:22 IST">
          <reporter-output>
          </reporter-output>
        </test-method> <!-- test_login -->
        <test-method status="PASS" signature="tearDown()[pri:0, instance:testCases.TC_002_LoginTest@543788f3]" name="tearDown" is-config="true" duration-ms="737" started-at="2023-05-08T15:31:22 IST" finished-at="2023-05-08T15:31:22 IST">
          <reporter-output>
          </reporter-output>
        </test-method> <!-- tearDown -->
      </class> <!-- testCases.TC_002_LoginTest -->
    </test> <!-- OpenCartTest -->
  </suite> <!-- OpenCartSuite -->
</testng-results>
